# JRE version: OpenJDK Runtime Environment Temurin-17.0.8.1+1 (17.0.8.1+1) (build 17.0.8.1+1)
# Java VM: OpenJDK 64-Bit Server VM Temurin-17.0.8.1+1 (17.0.8.1+1, mixed mode, tiered, compressed oops, compressed class ptrs, g1 gc, windows-amd64)
GC Precious Log:
 CPUs: 4 total, 4 available
 Memory: 7879M
 Large Page Support: Disabled
 NUMA Support: Disabled
 Compressed Oops: Enabled (32-bit)
 Heap Region Size: 1M
 Heap Min Capacity: 8M
 Heap Initial Capacity: 124M
 Heap Max Capacity: 1970M
 Pre-touch: Disabled
 Parallel Workers: 4
 Concurrent Workers: 1
 Concurrent Refinement Workers: 4
 Periodic GC: Disabled
Heap:
 garbage-first heap   total 37888K, used 20866K [0x0000000084e00000, 0x0000000100000000)
  region size 1024K, 8 young (8192K), 2 survivors (2048K)
 Metaspace       used 43554K, committed 43776K, reserved 1114112K
  class space    used 5034K, committed 5120K, reserved 1048576K
GC Heap History (20 events):
Event: 4.954 GC heap before
{Heap before GC invocations=5 (full 0):
 garbage-first heap   total 27648K, used 7820K [0x0000000084e00000, 0x0000000100000000)
  region size 1024K, 5 young (5120K), 4 survivors (4096K)
 Metaspace       used 29611K, committed 29760K, reserved 1114112K
  class space    used 3395K, committed 3456K, reserved 1048576K
}
Event: 4.959 GC heap after
{Heap after GC invocations=6 (full 0):
 garbage-first heap   total 27648K, used 8263K [0x0000000084e00000, 0x0000000100000000)
  region size 1024K, 1 young (1024K), 1 survivors (1024K)
 Metaspace       used 29611K, committed 29760K, reserved 1114112K
  class space    used 3395K, committed 3456K, reserved 1048576K
}
Event: 5.279 GC heap before
{Heap before GC invocations=6 (full 0):
 garbage-first heap   total 27648K, used 18503K [0x0000000084e00000, 0x0000000100000000)
  region size 1024K, 11 young (11264K), 1 survivors (1024K)
 Metaspace       used 32670K, committed 32896K, reserved 1114112K
  class space    used 3777K, committed 3904K, reserved 1048576K
}
Event: 5.282 GC heap after
{Heap after GC invocations=7 (full 0):
 garbage-first heap   total 77824K, used 8399K [0x0000000084e00000, 0x0000000100000000)
  region size 1024K, 1 young (1024K), 1 survivors (1024K)
 Metaspace       used 32670K, committed 32896K, reserved 1114112K
  class space    used 3777K, committed 3904K, reserved 1048576K
}
Event: 5.880 GC heap before
{Heap before GC invocations=7 (full 0):
 garbage-first heap   total 77824K, used 21711K [0x0000000084e00000, 0x0000000100000000)
  region size 1024K, 16 young (16384K), 1 survivors (1024K)
 Metaspace       used 35987K, committed 36160K, reserved 1114112K
  class space    used 4311K, committed 4416K, reserved 1048576K
}
Event: 5.885 GC heap after
{Heap after GC invocations=8 (full 0):
 garbage-first heap   total 77824K, used 8864K [0x0000000084e00000, 0x0000000100000000)
  region size 1024K, 2 young (2048K), 2 survivors (2048K)
 Metaspace       used 35987K, committed 36160K, reserved 1114112K
  class space    used 4311K, committed 4416K, reserved 1048576K
}
Event: 20.210 GC heap before
{Heap before GC invocations=9 (full 0):
 garbage-first heap   total 37888K, used 29344K [0x0000000084e00000, 0x0000000100000000)
  region size 1024K, 22 young (22528K), 2 survivors (2048K)
 Metaspace       used 41272K, committed 41472K, reserved 1114112K
  class space    used 4962K, committed 5056K, reserved 1048576K
}
Event: 20.218 GC heap after
{Heap after GC invocations=10 (full 0):
 garbage-first heap   total 37888K, used 10562K [0x0000000084e00000, 0x0000000100000000)
  region size 1024K, 3 young (3072K), 3 survivors (3072K)
 Metaspace       used 41272K, committed 41472K, reserved 1114112K
  class space    used 4962K, committed 5056K, reserved 1048576K
}
Event: 20.328 GC heap before
{Heap before GC invocations=10 (full 0):
 garbage-first heap   total 37888K, used 11586K [0x0000000084e00000, 0x0000000100000000)
  region size 1024K, 4 young (4096K), 3 survivors (3072K)
 Metaspace       used 41338K, committed 41536K, reserved 1114112K
  class space    used 4963K, committed 5056K, reserved 1048576K
}
Event: 20.338 GC heap after
{Heap after GC invocations=11 (full 0):
 garbage-first heap   total 37888K, used 10896K [0x0000000084e00000, 0x0000000100000000)
  region size 1024K, 1 young (1024K), 1 survivors (1024K)
 Metaspace       used 41338K, committed 41536K, reserved 1114112K
  class space    used 4963K, committed 5056K, reserved 1048576K
}
Event: 31.226 GC heap before
{Heap before GC invocations=11 (full 0):
 garbage-first heap   total 37888K, used 26256K [0x0000000084e00000, 0x0000000100000000)
  region size 1024K, 16 young (16384K), 1 survivors (1024K)
 Metaspace       used 41995K, committed 42176K, reserved 1114112K
  class space    used 4989K, committed 5056K, reserved 1048576K
}
Event: 31.230 GC heap after
{Heap after GC invocations=12 (full 0):
 garbage-first heap   total 37888K, used 11594K [0x0000000084e00000, 0x0000000100000000)
  region size 1024K, 2 young (2048K), 2 survivors (2048K)
 Metaspace       used 41995K, committed 42176K, reserved 1114112K
  class space    used 4989K, committed 5056K, reserved 1048576K
}
Event: 47.176 GC heap before
{Heap before GC invocations=12 (full 0):
 garbage-first heap   total 37888K, used 26954K [0x0000000084e00000, 0x0000000100000000)
  region size 1024K, 17 young (17408K), 2 survivors (2048K)
 Metaspace       used 42488K, committed 42752K, reserved 1114112K
  class space    used 4999K, committed 5120K, reserved 1048576K
}
Event: 47.183 GC heap after
{Heap after GC invocations=13 (full 0):
 garbage-first heap   total 37888K, used 12494K [0x0000000084e00000, 0x0000000100000000)
  region size 1024K, 2 young (2048K), 2 survivors (2048K)
 Metaspace       used 42488K, committed 42752K, reserved 1114112K
  class space    used 4999K, committed 5120K, reserved 1048576K
}
Event: 72.058 GC heap before
{Heap before GC invocations=13 (full 0):
 garbage-first heap   total 37888K, used 27854K [0x0000000084e00000, 0x0000000100000000)
  region size 1024K, 17 young (17408K), 2 survivors (2048K)
 Metaspace       used 42931K, committed 43136K, reserved 1114112K
  class space    used 5019K, committed 5120K, reserved 1048576K
}
Event: 72.066 GC heap after
{Heap after GC invocations=14 (full 0):
 garbage-first heap   total 37888K, used 13584K [0x0000000084e00000, 0x0000000100000000)
  region size 1024K, 3 young (3072K), 3 survivors (3072K)
 Metaspace       used 42931K, committed 43136K, reserved 1114112K
  class space    used 5019K, committed 5120K, reserved 1048576K
}
Event: 85.810 GC heap before
{Heap before GC invocations=14 (full 0):
 garbage-first heap   total 37888K, used 27920K [0x0000000084e00000, 0x0000000100000000)
  region size 1024K, 17 young (17408K), 3 survivors (3072K)
 Metaspace       used 43226K, committed 43456K, reserved 1114112K
  class space    used 5025K, committed 5120K, reserved 1048576K
}
Event: 85.819 GC heap after
{Heap after GC invocations=15 (full 0):
 garbage-first heap   total 37888K, used 14735K [0x0000000084e00000, 0x0000000100000000)
  region size 1024K, 3 young (3072K), 3 survivors (3072K)
 Metaspace       used 43226K, committed 43456K, reserved 1114112K
  class space    used 5025K, committed 5120K, reserved 1048576K
}
Event: 112.270 GC heap before
{Heap before GC invocations=15 (full 0):
 garbage-first heap   total 37888K, used 28047K [0x0000000084e00000, 0x0000000100000000)
  region size 1024K, 16 young (16384K), 3 survivors (3072K)
 Metaspace       used 43497K, committed 43712K, reserved 1114112K
  class space    used 5030K, committed 5120K, reserved 1048576K
}
Event: 112.278 GC heap after
{Heap after GC invocations=16 (full 0):
 garbage-first heap   total 37888K, used 15746K [0x0000000084e00000, 0x0000000100000000)
  region size 1024K, 2 young (2048K), 2 survivors (2048K)
 Metaspace       used 43497K, committed 43712K, reserved 1114112K
  class space    used 5030K, committed 5120K, reserved 1048576K
}

